0 info it worked if it ends with ok
1 verbose cli [ 'C:\\Program Files\\nodejs\\node.exe',
1 verbose cli   'C:\\Users\\admin\\AppData\\Roaming\\npm\\node_modules\\npm\\bin\\npm-cli.js',
1 verbose cli   'install',
1 verbose cli   'sleep' ]
2 info using npm@3.10.8
3 info using node@v6.3.0
4 silly loadCurrentTree Starting
5 silly install loadCurrentTree
6 silly install readLocalPackageData
7 silly fetchPackageMetaData sleep
8 silly fetchNamedPackageData sleep
9 silly mapToRegistry name sleep
10 silly mapToRegistry using default registry
11 silly mapToRegistry registry http://registry.npmjs.org/
12 silly mapToRegistry data Result {
12 silly mapToRegistry   raw: 'sleep',
12 silly mapToRegistry   scope: null,
12 silly mapToRegistry   escapedName: 'sleep',
12 silly mapToRegistry   name: 'sleep',
12 silly mapToRegistry   rawSpec: '',
12 silly mapToRegistry   spec: 'latest',
12 silly mapToRegistry   type: 'tag' }
13 silly mapToRegistry uri http://registry.npmjs.org/sleep
14 verbose request uri http://registry.npmjs.org/sleep
15 verbose request no auth needed
16 info attempt registry request try #1 at 3:41:08 PM
17 verbose request id 75c78fc2fe2a14cc
18 verbose etag "D6ZSM4BTOBAMTTKOZ9G36D6PY"
19 http request GET http://registry.npmjs.org/sleep
20 http 304 http://registry.npmjs.org/sleep
21 verbose headers { date: 'Sun, 16 Oct 2016 10:11:09 GMT',
21 verbose headers   via: '1.1 varnish',
21 verbose headers   'cache-control': 'max-age=300',
21 verbose headers   etag: '"D6ZSM4BTOBAMTTKOZ9G36D6PY"',
21 verbose headers   age: '0',
21 verbose headers   connection: 'keep-alive',
21 verbose headers   'x-served-by': 'cache-sin6921-SIN',
21 verbose headers   'x-cache': 'HIT',
21 verbose headers   'x-cache-hits': '1',
21 verbose headers   'x-timer': 'S1476612669.042106,VS0,VE980',
21 verbose headers   vary: 'Accept-Encoding' }
22 silly get cb [ 304,
22 silly get   { date: 'Sun, 16 Oct 2016 10:11:09 GMT',
22 silly get     via: '1.1 varnish',
22 silly get     'cache-control': 'max-age=300',
22 silly get     etag: '"D6ZSM4BTOBAMTTKOZ9G36D6PY"',
22 silly get     age: '0',
22 silly get     connection: 'keep-alive',
22 silly get     'x-served-by': 'cache-sin6921-SIN',
22 silly get     'x-cache': 'HIT',
22 silly get     'x-cache-hits': '1',
22 silly get     'x-timer': 'S1476612669.042106,VS0,VE980',
22 silly get     vary: 'Accept-Encoding' } ]
23 verbose etag http://registry.npmjs.org/sleep from cache
24 verbose get saving sleep to C:\Users\admin\AppData\Roaming\npm-cache\registry.npmjs.org\sleep\.cache.json
25 verbose correctMkdir C:\Users\admin\AppData\Roaming\npm-cache correctMkdir not in flight; initializing
26 silly install normalizeTree
27 silly loadCurrentTree Finishing
28 silly loadIdealTree Starting
29 silly install loadIdealTree
30 silly cloneCurrentTree Starting
31 silly install cloneCurrentTreeToIdealTree
32 silly cloneCurrentTree Finishing
33 silly loadShrinkwrap Starting
34 silly install loadShrinkwrap
35 silly loadShrinkwrap Finishing
36 silly loadAllDepsIntoIdealTree Starting
37 silly install loadAllDepsIntoIdealTree
38 silly resolveWithNewModule sleep@4.0.0 checking installable status
39 silly cache add args [ 'sleep', null ]
40 verbose cache add spec sleep
41 silly cache add parsed spec Result {
41 silly cache add   raw: 'sleep',
41 silly cache add   scope: null,
41 silly cache add   escapedName: 'sleep',
41 silly cache add   name: 'sleep',
41 silly cache add   rawSpec: '',
41 silly cache add   spec: 'latest',
41 silly cache add   type: 'tag' }
42 silly addNamed sleep@latest
43 verbose addNamed "latest" is being treated as a dist-tag for sleep
44 info addNameTag [ 'sleep', 'latest' ]
45 silly mapToRegistry name sleep
46 silly mapToRegistry using default registry
47 silly mapToRegistry registry http://registry.npmjs.org/
48 silly mapToRegistry data Result {
48 silly mapToRegistry   raw: 'sleep',
48 silly mapToRegistry   scope: null,
48 silly mapToRegistry   escapedName: 'sleep',
48 silly mapToRegistry   name: 'sleep',
48 silly mapToRegistry   rawSpec: '',
48 silly mapToRegistry   spec: 'latest',
48 silly mapToRegistry   type: 'tag' }
49 silly mapToRegistry uri http://registry.npmjs.org/sleep
50 verbose addNameTag registry:http://registry.npmjs.org/sleep not in flight; fetching
51 verbose get http://registry.npmjs.org/sleep not expired, no request
52 silly addNameTag next cb for sleep with tag latest
53 silly addNamed sleep@4.0.0
54 verbose addNamed "4.0.0" is a plain semver version for sleep
55 silly cache afterAdd sleep@4.0.0
56 verbose afterAdd C:\Users\admin\AppData\Roaming\npm-cache\sleep\4.0.0\package\package.json not in flight; writing
57 verbose correctMkdir C:\Users\admin\AppData\Roaming\npm-cache correctMkdir not in flight; initializing
58 verbose afterAdd C:\Users\admin\AppData\Roaming\npm-cache\sleep\4.0.0\package\package.json written
59 silly loadAllDepsIntoIdealTree Finishing
60 silly loadIdealTree Finishing
61 silly currentTree MinorProject
61 silly currentTree +-- debug@2.2.0
61 silly currentTree +-- is-typedarray@1.0.0
61 silly currentTree +-- lasync@1.1.0
61 silly currentTree +-- ms@0.7.1
61 silly currentTree +-- nan@2.4.0
61 silly currentTree +-- net@1.0.2
61 silly currentTree +-- node-netcat@1.4.8
61 silly currentTree +-- typedarray-to-buffer@3.1.2
61 silly currentTree +-- underscore@1.6.0
61 silly currentTree +-- websocket@1.0.23
61 silly currentTree `-- yaeti@0.0.4
62 silly idealTree MinorProject
62 silly idealTree +-- debug@2.2.0
62 silly idealTree +-- is-typedarray@1.0.0
62 silly idealTree +-- lasync@1.1.0
62 silly idealTree +-- ms@0.7.1
62 silly idealTree +-- nan@2.4.0
62 silly idealTree +-- net@1.0.2
62 silly idealTree +-- node-netcat@1.4.8
62 silly idealTree +-- sleep@4.0.0
62 silly idealTree +-- typedarray-to-buffer@3.1.2
62 silly idealTree +-- underscore@1.6.0
62 silly idealTree +-- websocket@1.0.23
62 silly idealTree `-- yaeti@0.0.4
63 silly generateActionsToTake Starting
64 silly install generateActionsToTake
65 silly generateActionsToTake Finishing
66 silly diffTrees action count 1
67 silly diffTrees add sleep@4.0.0
68 silly decomposeActions action count 8
69 silly decomposeActions fetch sleep@4.0.0
70 silly decomposeActions extract sleep@4.0.0
71 silly decomposeActions test sleep@4.0.0
72 silly decomposeActions preinstall sleep@4.0.0
73 silly decomposeActions build sleep@4.0.0
74 silly decomposeActions install sleep@4.0.0
75 silly decomposeActions postinstall sleep@4.0.0
76 silly decomposeActions finalize sleep@4.0.0
77 silly runTopLevelLifecycles Starting
78 silly executeActions Starting
79 silly install executeActions
80 silly doSerial global-install 0
81 silly doParallel fetch 1
82 verbose correctMkdir C:\Users\admin\AppData\Roaming\npm-cache\_locks correctMkdir not in flight; initializing
83 verbose lock using C:\Users\admin\AppData\Roaming\npm-cache\_locks\staging-b8ebbee816503ff4.lock for E:\Softwares\spark-2.0.1-bin-hadoop2.7\examples\src\main\scala\org\apache\spark\examples\MinorProject\node_modules\.staging
84 silly doParallel extract 1
85 silly extract sleep@4.0.0
86 verbose unbuild node_modules\.staging\sleep-6c93bb3f
87 silly gentlyRm E:\Softwares\spark-2.0.1-bin-hadoop2.7\examples\src\main\scala\org\apache\spark\examples\MinorProject\node_modules\.staging\sleep-6c93bb3f is being purged from base E:\Softwares\spark-2.0.1-bin-hadoop2.7\examples\src\main\scala\org\apache\spark\examples\MinorProject
88 verbose gentlyRm don't care about contents; nuking E:\Softwares\spark-2.0.1-bin-hadoop2.7\examples\src\main\scala\org\apache\spark\examples\MinorProject\node_modules\.staging\sleep-6c93bb3f
89 verbose tar unpack C:\Users\admin\AppData\Roaming\npm-cache\sleep\4.0.0\package.tgz
90 verbose tar unpacking to E:\Softwares\spark-2.0.1-bin-hadoop2.7\examples\src\main\scala\org\apache\spark\examples\MinorProject\node_modules\.staging\sleep-6c93bb3f
91 silly gentlyRm E:\Softwares\spark-2.0.1-bin-hadoop2.7\examples\src\main\scala\org\apache\spark\examples\MinorProject\node_modules\.staging\sleep-6c93bb3f is being purged
92 verbose gentlyRm don't care about contents; nuking E:\Softwares\spark-2.0.1-bin-hadoop2.7\examples\src\main\scala\org\apache\spark\examples\MinorProject\node_modules\.staging\sleep-6c93bb3f
93 silly gunzTarPerm modes [ '777', '666' ]
94 silly gunzTarPerm extractEntry package.json
95 silly gunzTarPerm modified mode [ 'package.json', 436, 438 ]
96 silly gunzTarPerm extractEntry .npmignore
97 silly gunzTarPerm modified mode [ '.npmignore', 436, 438 ]
98 silly gunzTarPerm extractEntry README.md
99 silly gunzTarPerm modified mode [ 'README.md', 436, 438 ]
100 silly gunzTarPerm extractEntry index.js
101 silly gunzTarPerm modified mode [ 'index.js', 436, 438 ]
102 silly gunzTarPerm extractEntry test.js
103 silly gunzTarPerm modified mode [ 'test.js', 436, 438 ]
104 silly gunzTarPerm extractEntry LICENSE.txt
105 silly gunzTarPerm modified mode [ 'LICENSE.txt', 436, 438 ]
106 silly gunzTarPerm extractEntry bin/sleep
107 silly gunzTarPerm modified mode [ 'bin/sleep', 509, 511 ]
108 silly gunzTarPerm extractEntry binding.gyp
109 silly gunzTarPerm modified mode [ 'binding.gyp', 436, 438 ]
110 silly gunzTarPerm extractEntry sleep.cc
111 silly gunzTarPerm modified mode [ 'sleep.cc', 436, 438 ]
112 silly gentlyRm E:\Softwares\spark-2.0.1-bin-hadoop2.7\examples\src\main\scala\org\apache\spark\examples\MinorProject\node_modules\.staging\sleep-6c93bb3f\node_modules is being purged
113 verbose gentlyRm don't care about contents; nuking E:\Softwares\spark-2.0.1-bin-hadoop2.7\examples\src\main\scala\org\apache\spark\examples\MinorProject\node_modules\.staging\sleep-6c93bb3f\node_modules
114 silly doParallel preinstall 1
115 silly preinstall sleep@4.0.0 E:\Softwares\spark-2.0.1-bin-hadoop2.7\examples\src\main\scala\org\apache\spark\examples\MinorProject\node_modules\.staging\sleep-6c93bb3f
116 info lifecycle sleep@4.0.0~preinstall: sleep@4.0.0
117 silly lifecycle sleep@4.0.0~preinstall: no script for preinstall, continuing
118 silly doReverseSerial remove 0
119 silly doSerial move 0
120 silly doSerial finalize 1
121 silly finalize E:\Softwares\spark-2.0.1-bin-hadoop2.7\examples\src\main\scala\org\apache\spark\examples\MinorProject\node_modules\sleep
122 silly doSerial build 1
123 silly build sleep@4.0.0
124 info linkStuff sleep@4.0.0
125 silly linkStuff sleep@4.0.0 has E:\Softwares\spark-2.0.1-bin-hadoop2.7\examples\src\main\scala\org\apache\spark\examples\MinorProject\node_modules as its parent node_modules
126 verbose linkBins sleep@4.0.0
127 verbose link bins [ { sleep: './bin/sleep',
127 verbose link bins     sleepuv: './bin/sleep',
127 verbose link bins     usleep: './bin/sleep',
127 verbose link bins     usleepuv: './bin/sleep' },
127 verbose link bins   'E:\\Softwares\\spark-2.0.1-bin-hadoop2.7\\examples\\src\\main\\scala\\org\\apache\\spark\\examples\\MinorProject\\node_modules\\.bin',
127 verbose link bins   false ]
128 verbose linkMans sleep@4.0.0
129 silly doSerial global-link 0
130 silly doParallel update-linked 0
131 silly doSerial install 1
132 silly install sleep@4.0.0 E:\Softwares\spark-2.0.1-bin-hadoop2.7\examples\src\main\scala\org\apache\spark\examples\MinorProject\node_modules\.staging\sleep-6c93bb3f
133 info lifecycle sleep@4.0.0~install: sleep@4.0.0
134 verbose lifecycle sleep@4.0.0~install: unsafe-perm in lifecycle true
135 verbose lifecycle sleep@4.0.0~install: PATH: C:\Users\admin\AppData\Roaming\npm\node_modules\npm\bin\node-gyp-bin;E:\Softwares\spark-2.0.1-bin-hadoop2.7\examples\src\main\scala\org\apache\spark\examples\MinorProject\node_modules\sleep\node_modules\.bin;E:\Softwares\spark-2.0.1-bin-hadoop2.7\examples\src\main\scala\org\apache\spark\examples\MinorProject\node_modules\.bin;C:\ProgramData\Oracle\Java\javapath;C:\Program Files (x86)\NVIDIA Corporation\PhysX\Common;C:\Program Files (x86)\Intel\iCLS Client\;C:\Program Files\Intel\iCLS Client\;C:\Windows\system32;C:\Windows;C:\Windows\System32\Wbem;C:\Windows\System32\WindowsPowerShell\v1.0\;C:\Program Files\Intel\Intel(R) Management Engine Components\DAL;C:\Program Files\Intel\Intel(R) Management Engine Components\IPT;C:\Program Files (x86)\Intel\Intel(R) Management Engine Components\DAL;C:\Program Files (x86)\Intel\Intel(R) Management Engine Components\IPT;C:\Ruby21-x64\bin;C:\Program Files\Java\jdk1.8.0_05\bin;C:\xampp\tomcat\lib\servlet-api.jar;.;.;C:\adb;C:\xampp\php;C:\ProgramData\ComposerSetup\bin;C:\Program Files (x86)\Skype\Phone\;E:\Softwares\Heroku\bin;C:\Program Files\nodejs\;C:\ProgramData\Oracle\Java\javapath;C:\Program Files (x86)\NVIDIA Corporation\PhysX\Common;C:\Program Files (x86)\Intel\iCLS Client\;C:\Program Files\Intel\iCLS Client\;C:\Windows\system32;C:\Windows;C:\Windows\System32\Wbem;C:\Windows\System32\WindowsPowerShell\v1.0\;C:\Program Files\Intel\Intel(R) Management Engine Components\DAL;C:\Program Files\Intel\Intel(R) Management Engine Components\IPT;C:\Program Files (x86)\Intel\Intel(R) Management Engine Components\DAL;C:\Program Files (x86)\Intel\Intel(R) Management Engine Components\IPT;C:\Ruby21-x64\bin;C:\Program Files\Java\jdk1.8.0_05\bin;C:\xampp\tomcat\lib\servlet-api.jar;.;.;C:\adb;C:\Program Files\nodejs\;C:\xampp\php;C:\ProgramData\ComposerSetup\bin;C:\Ruby21-x64\bin;C:\Program Files\Java\jdk1.8.0_05\bin;C:\xampp\tomcat\lib\servlet-api.jar;C:\Users\admin\Desktop\DeDeveloper\AddFacebookIntegration\bin;E:\UniServerZ\core\php54;C:\Program Files (x86)\Git\bin;C:\Program Files\MongoDB\Server\3.0\bin;C:\Python27;C:\Python27\Scripts\;E:\Softwares\phantomjs-2.1.1-windows\bin;C:\Users\admin\AppData\Local\.meteor\;C:\Program Files (x86)\Notepad++;C:\Program Files\Docker Toolbox;C:\Users\admin\AppData\Roaming\npm;E:\Softwares\spark-2.0.0-bin-hadoop2.7\bin;;.;
136 verbose lifecycle sleep@4.0.0~install: CWD: E:\Softwares\spark-2.0.1-bin-hadoop2.7\examples\src\main\scala\org\apache\spark\examples\MinorProject\node_modules\sleep
137 silly lifecycle sleep@4.0.0~install: Args: [ '/d /s /c', 'node-gyp rebuild' ]
138 silly lifecycle sleep@4.0.0~install: Returned: code: 1  signal: null
139 info lifecycle sleep@4.0.0~install: Failed to exec install script
140 verbose unlock done using C:\Users\admin\AppData\Roaming\npm-cache\_locks\staging-b8ebbee816503ff4.lock for E:\Softwares\spark-2.0.1-bin-hadoop2.7\examples\src\main\scala\org\apache\spark\examples\MinorProject\node_modules\.staging
141 silly rollbackFailedOptional Starting
142 silly rollbackFailedOptional Finishing
143 silly runTopLevelLifecycles Finishing
144 silly install printInstalled
145 warn enoent ENOENT: no such file or directory, open 'E:\Softwares\spark-2.0.1-bin-hadoop2.7\examples\src\main\scala\org\apache\spark\examples\MinorProject\package.json'
146 verbose enoent ENOENT: no such file or directory, open 'E:\Softwares\spark-2.0.1-bin-hadoop2.7\examples\src\main\scala\org\apache\spark\examples\MinorProject\package.json'
146 verbose enoent This is most likely not a problem with npm itself
146 verbose enoent and is related to npm not being able to find a file.
147 warn MinorProject No description
148 verbose If you need help, you may report this error at:
148 verbose     <https://github.com/npm/npm/issues>
149 warn MinorProject No repository field.
150 verbose If you need help, you may report this error at:
150 verbose     <https://github.com/npm/npm/issues>
151 warn MinorProject No README data
152 verbose If you need help, you may report this error at:
152 verbose     <https://github.com/npm/npm/issues>
153 warn MinorProject No license field.
154 verbose If you need help, you may report this error at:
154 verbose     <https://github.com/npm/npm/issues>
155 verbose stack Error: sleep@4.0.0 install: `node-gyp rebuild`
155 verbose stack Exit status 1
155 verbose stack     at EventEmitter.<anonymous> (C:\Users\admin\AppData\Roaming\npm\node_modules\npm\lib\utils\lifecycle.js:255:16)
155 verbose stack     at emitTwo (events.js:106:13)
155 verbose stack     at EventEmitter.emit (events.js:191:7)
155 verbose stack     at ChildProcess.<anonymous> (C:\Users\admin\AppData\Roaming\npm\node_modules\npm\lib\utils\spawn.js:40:14)
155 verbose stack     at emitTwo (events.js:106:13)
155 verbose stack     at ChildProcess.emit (events.js:191:7)
155 verbose stack     at maybeClose (internal/child_process.js:852:16)
155 verbose stack     at Process.ChildProcess._handle.onexit (internal/child_process.js:215:5)
156 verbose pkgid sleep@4.0.0
157 verbose cwd E:\Softwares\spark-2.0.1-bin-hadoop2.7\examples\src\main\scala\org\apache\spark\examples\MinorProject
158 error Windows_NT 6.3.9600
159 error argv "C:\\Program Files\\nodejs\\node.exe" "C:\\Users\\admin\\AppData\\Roaming\\npm\\node_modules\\npm\\bin\\npm-cli.js" "install" "sleep"
160 error node v6.3.0
161 error npm  v3.10.8
162 error code ELIFECYCLE
163 error sleep@4.0.0 install: `node-gyp rebuild`
163 error Exit status 1
164 error Failed at the sleep@4.0.0 install script 'node-gyp rebuild'.
164 error Make sure you have the latest version of node.js and npm installed.
164 error If you do, this is most likely a problem with the sleep package,
164 error not with npm itself.
164 error Tell the author that this fails on your system:
164 error     node-gyp rebuild
164 error You can get information on how to open an issue for this project with:
164 error     npm bugs sleep
164 error Or if that isn't available, you can get their info via:
164 error     npm owner ls sleep
164 error There is likely additional logging output above.
165 verbose exit [ 1, true ]
